#-----------------------------------------------------------
# Vivado v2018.2 (64-bit)
# SW Build 2258646 on Thu Jun 14 20:03:12 MDT 2018
# IP Build 2256618 on Thu Jun 14 22:10:49 MDT 2018
# Start of session at: Wed Jun 14 19:47:03 2023
# Process ID: 108096
# Current directory: C:/Users/Visitha/Videos/project 2
# Command line: vivado.exe -gui_launcher_event rodinguilauncherevent101148 C:\Users\Visitha\Videos\project 2\project_2.xpr
# Log file: C:/Users/Visitha/Videos/project 2/vivado.log
# Journal file: C:/Users/Visitha/Videos/project 2\vivado.jou
#-----------------------------------------------------------
start_gui
open_project {C:/Users/Visitha/Videos/project 2/project_2.xpr}
Scanning sources...
Finished scanning sources
INFO: [IP_Flow 19-234] Refreshing IP repositories
INFO: [IP_Flow 19-1704] No user IP repositories specified
INFO: [IP_Flow 19-2313] Loaded Vivado IP repository 'E:/Vivado_Files/Vivado/2018.2/data/ip'.
open_project: Time (s): cpu = 00:00:11 ; elapsed = 00:00:08 . Memory (MB): peak = 821.695 ; gain = 100.602
update_compile_order -fileset sources_1
launch_simulation
INFO: [Vivado 12-5682] Launching behavioral simulation in 'C:/Users/Visitha/Videos/project 2/project_2.sim/sim_1/behav/xsim'
INFO: [SIM-utils-51] Simulation object is 'sim_1'
INFO: [SIM-utils-54] Inspecting design source files for 'TB_PROCESSOR' in fileset 'sim_1'...
INFO: [USF-XSim-97] Finding global include files...
INFO: [USF-XSim-98] Fetching design files from 'sim_1'...
INFO: [USF-XSim-2] XSim::Compile design
INFO: [USF-XSim-61] Executing 'COMPILE and ANALYZE' step in 'C:/Users/Visitha/Videos/project 2/project_2.sim/sim_1/behav/xsim'
"xvhdl --incr --relax -prj TB_PROCESSOR_vhdl.prj"
INFO: [VRFC 10-163] Analyzing VHDL file "C:/Users/Visitha/Videos/project 2/project_2.srcs/sources_1/new/3_bit_adder.vhd" into library xil_defaultlib
INFO: [VRFC 10-307] analyzing entity Adder_3_bit
INFO: [VRFC 10-163] Analyzing VHDL file "C:/Users/Visitha/Videos/project 2/project_2.srcs/sources_1/imports/Final Project/Lab_3/Lab3.srcs/sources_1/new/FA.vhd" into library xil_defaultlib
INFO: [VRFC 10-307] analyzing entity FA
INFO: [VRFC 10-163] Analyzing VHDL file "C:/Users/Visitha/Videos/project 2/project_2.srcs/sources_1/imports/Final Project/Lab_3/Lab3.srcs/sources_1/new/HA.vhd" into library xil_defaultlib
INFO: [VRFC 10-307] analyzing entity HA
INFO: [VRFC 10-163] Analyzing VHDL file "C:/Users/Visitha/Videos/project 2/project_2.srcs/sources_1/new/Instruction_Decoder.vhd" into library xil_defaultlib
INFO: [VRFC 10-307] analyzing entity Instruction_Decoder
INFO: [VRFC 10-163] Analyzing VHDL file "C:/Users/Visitha/Videos/project 2/project_2.srcs/sources_1/imports/Final Project/Lab_7/Lab7.srcs/sources_1/new/LUT_16_7.vhd" into library xil_defaultlib
INFO: [VRFC 10-307] analyzing entity LUT_16_7
INFO: [VRFC 10-163] Analyzing VHDL file "C:/Users/Visitha/Videos/project 2/project_2.srcs/sources_1/new/Processor.vhd" into library xil_defaultlib
INFO: [VRFC 10-307] analyzing entity PROCESSOR
INFO: [VRFC 10-163] Analyzing VHDL file "C:/Users/Visitha/Videos/project 2/project_2.srcs/sources_1/new/Programme_ROM.vhd" into library xil_defaultlib
INFO: [VRFC 10-307] analyzing entity Program_ROM
INFO: [VRFC 10-163] Analyzing VHDL file "C:/Users/Visitha/Videos/project 2/project_2.srcs/sources_1/new/RCA_4.vhd" into library xil_defaultlib
INFO: [VRFC 10-307] analyzing entity RCA_4
INFO: [VRFC 10-163] Analyzing VHDL file "C:/Users/Visitha/Videos/project 2/project_2.srcs/sources_1/imports/Final Project/Lab_5_counter/Lab5_counter.srcs/sources_1/new/Slow_Clk.vhd" into library xil_defaultlib
INFO: [VRFC 10-307] analyzing entity Slow_Clk
INFO: [VRFC 10-163] Analyzing VHDL file "C:/Users/Visitha/Videos/project 2/project_2.srcs/sim_1/new/Sim_Processor.vhd" into library xil_defaultlib
INFO: [VRFC 10-307] analyzing entity TB_PROCESSOR
INFO: [USF-XSim-69] 'compile' step finished in '1' seconds
INFO: [USF-XSim-3] XSim::Elaborate design
INFO: [USF-XSim-61] Executing 'ELABORATE' step in 'C:/Users/Visitha/Videos/project 2/project_2.sim/sim_1/behav/xsim'
Vivado Simulator 2018.2
Copyright 1986-1999, 2001-2018 Xilinx, Inc. All Rights Reserved.
Running: E:/Vivado_Files/Vivado/2018.2/bin/unwrapped/win64.o/xelab.exe -wto 247fd843523148848c5c27056e1302eb --incr --debug typical --relax --mt 2 -L xil_defaultlib -L secureip --snapshot TB_PROCESSOR_behav xil_defaultlib.TB_PROCESSOR -log elaborate.log 
Using 2 slave threads.
Starting static elaboration
Completed static elaboration
Starting simulation data flow analysis
Completed simulation data flow analysis
Time Resolution for simulation is 1ps
Compiling package std.standard
Compiling package std.textio
Compiling package ieee.std_logic_1164
Compiling package ieee.numeric_std
Compiling architecture behavioral of entity xil_defaultlib.Slow_Clk [slow_clk_default]
Compiling architecture behavioral of entity xil_defaultlib.Instruction_Decoder [instruction_decoder_default]
Compiling architecture behavioral of entity xil_defaultlib.MUX_2_to_1_4bit [mux_2_to_1_4bit_default]
Compiling architecture behavioral of entity xil_defaultlib.HA [ha_default]
Compiling architecture behavioral of entity xil_defaultlib.FA [fa_default]
Compiling architecture behavioral of entity xil_defaultlib.RCA_4 [rca_4_default]
Compiling architecture behavioral of entity xil_defaultlib.Decoder_2_to_4 [decoder_2_to_4_default]
Compiling architecture behavioral of entity xil_defaultlib.Decoder_3_to_8 [decoder_3_to_8_default]
Compiling architecture behavioral of entity xil_defaultlib.MUX_8_to_1 [mux_8_to_1_default]
Compiling architecture behavioral of entity xil_defaultlib.Adder_3_bit [adder_3_bit_default]
Compiling architecture behavioral of entity xil_defaultlib.MUX_2_to_1_3bit [mux_2_to_1_3bit_default]
Compiling architecture behavioral of entity xil_defaultlib.D_FF [d_ff_default]
Compiling architecture behavioral of entity xil_defaultlib.Program_Counter [program_counter_default]
Compiling architecture behavioral of entity xil_defaultlib.Program_ROM [program_rom_default]
Compiling architecture behavioral of entity xil_defaultlib.Reg [reg_default]
Compiling architecture behavioral of entity xil_defaultlib.Register_bank [register_bank_default]
Compiling architecture behavioral of entity xil_defaultlib.LUT_16_7 [lut_16_7_default]
Compiling architecture behavioral of entity xil_defaultlib.PROCESSOR [processor_default]
Compiling architecture behavioral of entity xil_defaultlib.tb_processor
Built simulation snapshot TB_PROCESSOR_behav

****** Webtalk v2018.2 (64-bit)
  **** SW Build 2258646 on Thu Jun 14 20:03:12 MDT 2018
  **** IP Build 2256618 on Thu Jun 14 22:10:49 MDT 2018
    ** Copyright 1986-2018 Xilinx, Inc. All Rights Reserved.

source C:/Users/Visitha/Videos/project -notrace
couldn't read file "C:/Users/Visitha/Videos/project": no such file or directory
INFO: [Common 17-206] Exiting Webtalk at Wed Jun 14 20:28:21 2023...
INFO: [USF-XSim-69] 'elaborate' step finished in '3' seconds
INFO: [USF-XSim-4] XSim::Simulate design
INFO: [USF-XSim-61] Executing 'SIMULATE' step in 'C:/Users/Visitha/Videos/project 2/project_2.sim/sim_1/behav/xsim'
INFO: [USF-XSim-98] *** Running xsim
   with args "TB_PROCESSOR_behav -key {Behavioral:sim_1:Functional:TB_PROCESSOR} -tclbatch {TB_PROCESSOR.tcl} -log {simulate.log}"
INFO: [USF-XSim-8] Loading simulator feature
Vivado Simulator 2018.2
Time resolution is 1 ps
source TB_PROCESSOR.tcl
# set curr_wave [current_wave_config]
# if { [string length $curr_wave] == 0 } {
#   if { [llength [get_objects]] > 0} {
#     add_wave /
#     set_property needs_save false [current_wave_config]
#   } else {
#      send_msg_id Add_Wave-1 WARNING "No top level signals found. Simulator will start without a wave window. If you want to open a wave window go to 'File->New Waveform Configuration' or type 'create_wave_config' in the TCL console."
#   }
# }
# run 1000ns
INFO: [USF-XSim-96] XSim completed. Design snapshot 'TB_PROCESSOR_behav' loaded.
INFO: [USF-XSim-97] XSim simulation ran for 1000ns
launch_simulation: Time (s): cpu = 00:00:05 ; elapsed = 00:00:07 . Memory (MB): peak = 874.129 ; gain = 13.164
close_sim
INFO: [Simtcl 6-16] Simulation closed
launch_simulation
INFO: [Vivado 12-5682] Launching behavioral simulation in 'C:/Users/Visitha/Videos/project 2/project_2.sim/sim_1/behav/xsim'
INFO: [SIM-utils-51] Simulation object is 'sim_1'
INFO: [SIM-utils-54] Inspecting design source files for 'TB_PROCESSOR' in fileset 'sim_1'...
INFO: [USF-XSim-97] Finding global include files...
INFO: [USF-XSim-98] Fetching design files from 'sim_1'...
INFO: [USF-XSim-2] XSim::Compile design
INFO: [USF-XSim-61] Executing 'COMPILE and ANALYZE' step in 'C:/Users/Visitha/Videos/project 2/project_2.sim/sim_1/behav/xsim'
"xvhdl --incr --relax -prj TB_PROCESSOR_vhdl.prj"
INFO: [VRFC 10-163] Analyzing VHDL file "C:/Users/Visitha/Videos/project 2/project_2.srcs/sources_1/imports/Final Project/Lab_5_counter/Lab5_counter.srcs/sources_1/new/Slow_Clk.vhd" into library xil_defaultlib
INFO: [VRFC 10-307] analyzing entity Slow_Clk
INFO: [USF-XSim-69] 'compile' step finished in '1' seconds
INFO: [USF-XSim-3] XSim::Elaborate design
INFO: [USF-XSim-61] Executing 'ELABORATE' step in 'C:/Users/Visitha/Videos/project 2/project_2.sim/sim_1/behav/xsim'
Vivado Simulator 2018.2
Copyright 1986-1999, 2001-2018 Xilinx, Inc. All Rights Reserved.
Running: E:/Vivado_Files/Vivado/2018.2/bin/unwrapped/win64.o/xelab.exe -wto 247fd843523148848c5c27056e1302eb --incr --debug typical --relax --mt 2 -L xil_defaultlib -L secureip --snapshot TB_PROCESSOR_behav xil_defaultlib.TB_PROCESSOR -log elaborate.log 
Using 2 slave threads.
Starting static elaboration
Completed static elaboration
Starting simulation data flow analysis
Completed simulation data flow analysis
Time Resolution for simulation is 1ps
Compiling package std.standard
Compiling package std.textio
Compiling package ieee.std_logic_1164
Compiling package ieee.numeric_std
Compiling architecture behavioral of entity xil_defaultlib.Slow_Clk [slow_clk_default]
Compiling architecture behavioral of entity xil_defaultlib.Instruction_Decoder [instruction_decoder_default]
Compiling architecture behavioral of entity xil_defaultlib.MUX_2_to_1_4bit [mux_2_to_1_4bit_default]
Compiling architecture behavioral of entity xil_defaultlib.HA [ha_default]
Compiling architecture behavioral of entity xil_defaultlib.FA [fa_default]
Compiling architecture behavioral of entity xil_defaultlib.RCA_4 [rca_4_default]
Compiling architecture behavioral of entity xil_defaultlib.Decoder_2_to_4 [decoder_2_to_4_default]
Compiling architecture behavioral of entity xil_defaultlib.Decoder_3_to_8 [decoder_3_to_8_default]
Compiling architecture behavioral of entity xil_defaultlib.MUX_8_to_1 [mux_8_to_1_default]
Compiling architecture behavioral of entity xil_defaultlib.Adder_3_bit [adder_3_bit_default]
Compiling architecture behavioral of entity xil_defaultlib.MUX_2_to_1_3bit [mux_2_to_1_3bit_default]
Compiling architecture behavioral of entity xil_defaultlib.D_FF [d_ff_default]
Compiling architecture behavioral of entity xil_defaultlib.Program_Counter [program_counter_default]
Compiling architecture behavioral of entity xil_defaultlib.Program_ROM [program_rom_default]
Compiling architecture behavioral of entity xil_defaultlib.Reg [reg_default]
Compiling architecture behavioral of entity xil_defaultlib.Register_bank [register_bank_default]
Compiling architecture behavioral of entity xil_defaultlib.LUT_16_7 [lut_16_7_default]
Compiling architecture behavioral of entity xil_defaultlib.PROCESSOR [processor_default]
Compiling architecture behavioral of entity xil_defaultlib.tb_processor
Built simulation snapshot TB_PROCESSOR_behav
INFO: [USF-XSim-69] 'elaborate' step finished in '2' seconds
INFO: [USF-XSim-4] XSim::Simulate design
INFO: [USF-XSim-61] Executing 'SIMULATE' step in 'C:/Users/Visitha/Videos/project 2/project_2.sim/sim_1/behav/xsim'
INFO: [USF-XSim-98] *** Running xsim
   with args "TB_PROCESSOR_behav -key {Behavioral:sim_1:Functional:TB_PROCESSOR} -tclbatch {TB_PROCESSOR.tcl} -log {simulate.log}"
INFO: [USF-XSim-8] Loading simulator feature
Vivado Simulator 2018.2
Time resolution is 1 ps
source TB_PROCESSOR.tcl
# set curr_wave [current_wave_config]
# if { [string length $curr_wave] == 0 } {
#   if { [llength [get_objects]] > 0} {
#     add_wave /
#     set_property needs_save false [current_wave_config]
#   } else {
#      send_msg_id Add_Wave-1 WARNING "No top level signals found. Simulator will start without a wave window. If you want to open a wave window go to 'File->New Waveform Configuration' or type 'create_wave_config' in the TCL console."
#   }
# }
# run 1000ns
INFO: [USF-XSim-96] XSim completed. Design snapshot 'TB_PROCESSOR_behav' loaded.
INFO: [USF-XSim-97] XSim simulation ran for 1000ns
launch_simulation: Time (s): cpu = 00:00:04 ; elapsed = 00:00:05 . Memory (MB): peak = 914.809 ; gain = 23.094
close_sim
INFO: [Simtcl 6-16] Simulation closed
exit
INFO: [Common 17-206] Exiting Vivado at Wed Jun 14 20:38:20 2023...
