#-----------------------------------------------------------
# Vivado v2018.2 (64-bit)
# SW Build 2258646 on Thu Jun 14 20:03:12 MDT 2018
# IP Build 2256618 on Thu Jun 14 22:10:49 MDT 2018
# Start of session at: Sun Jun 11 22:15:40 2023
# Process ID: 73168
# Current directory: C:/Users/Visitha/Videos/project 2
# Command line: vivado.exe -gui_launcher_event rodinguilauncherevent81496 C:\Users\Visitha\Videos\project 2\project_2.xpr
# Log file: C:/Users/Visitha/Videos/project 2/vivado.log
# Journal file: C:/Users/Visitha/Videos/project 2\vivado.jou
#-----------------------------------------------------------
start_gui
open_project {C:/Users/Visitha/Videos/project 2/project_2.xpr}
INFO: [Project 1-313] Project file moved from 'C:/Users/Admin/OneDrive/Desktop/Final Project/project 2' since last save.
Scanning sources...
Finished scanning sources
INFO: [IP_Flow 19-234] Refreshing IP repositories
INFO: [IP_Flow 19-1704] No user IP repositories specified
INFO: [IP_Flow 19-2313] Loaded Vivado IP repository 'E:/Vivado_Files/Vivado/2018.2/data/ip'.
open_project: Time (s): cpu = 00:00:12 ; elapsed = 00:00:06 . Memory (MB): peak = 897.676 ; gain = 159.082
update_compile_order -fileset sources_1
exit
INFO: [Common 17-206] Exiting Vivado at Sun Jun 11 22:19:05 2023...
